<?xml version="1.0" encoding="UTF-8"?>
<testng-results ignored="0" total="1" passed="1" failed="0" skipped="0">
  <reporter-output>
  </reporter-output>
  <suite started-at="2025-09-18T03:16:35 IST" name="Default suite" finished-at="2025-09-18T03:16:50 IST" duration-ms="14170">
    <groups>
    </groups>
    <test started-at="2025-09-18T03:16:35 IST" name="Default test" finished-at="2025-09-18T03:16:50 IST" duration-ms="14170">
      <class name="testscript.HomeTest">
        <test-method is-config="true" signature="intializebrowser()[pri:0, instance:testscript.HomeTest@185a6e9]" started-at="2025-09-18T03:16:36 IST" name="intializebrowser" finished-at="2025-09-18T03:16:46 IST" duration-ms="10539" status="PASS">
          <reporter-output>
          </reporter-output>
        </test-method> <!-- intializebrowser -->
        <test-method signature="verifylogout()[pri:0, instance:testscript.HomeTest@185a6e9]" started-at="2025-09-18T03:16:46 IST" name="verifylogout" finished-at="2025-09-18T03:16:50 IST" duration-ms="3550" status="PASS">
          <reporter-output>
          </reporter-output>
        </test-method> <!-- verifylogout -->
        <test-method is-config="true" signature="browserclose()[pri:0, instance:testscript.HomeTest@185a6e9]" started-at="2025-09-18T03:16:50 IST" name="browserclose" finished-at="2025-09-18T03:16:50 IST" duration-ms="2" status="PASS">
          <reporter-output>
          </reporter-output>
        </test-method> <!-- browserclose -->
      </class> <!-- testscript.HomeTest -->
    </test> <!-- Default test -->
  </suite> <!-- Default suite -->
</testng-results>
