<?xml version="1.0" encoding="UTF-8"?>
<!-- Generated by org.testng.reporters.JUnitXMLReporter -->
<testsuite ignored="3" hostname="LAPTOP-66KHMHA0" failures="0" tests="1" name="Default test" time="9.398" errors="0" timestamp="2025-09-28T00:28:05 IST">
  <testcase classname="testscript.LoginTest" name="verifyloginwithValidUsernameInvalidpassword" time="4.019"/>
  <testcase classname="testscript.LoginTest" name="verifyloginwithValidCredentials" time="0.0">
    <ignored/>
  </testcase> <!-- verifyloginwithValidCredentials -->
  <testcase classname="testscript.LoginTest" name="verifyloginwithInvalidusernameValidPassword" time="0.0">
    <ignored/>
  </testcase> <!-- verifyloginwithInvalidusernameValidPassword -->
  <testcase classname="testscript.LoginTest" name="verifyloginwithInvalidCredentials" time="0.0">
    <ignored/>
  </testcase> <!-- verifyloginwithInvalidCredentials -->
</testsuite> <!-- Default test -->
