<?xml version="1.0" encoding="UTF-8"?>
<!-- Generated by org.testng.reporters.JUnitXMLReporter -->
<testsuite ignored="2" hostname="LAPTOP-66KHMHA0" failures="0" tests="1" name="Default test" time="6.09" errors="0" timestamp="2025-09-23T02:12:15 IST">
  <testcase classname="testscript.AdminTest" name="verifyRefreshbutton" time="2.643"/>
  <testcase classname="testscript.AdminTest" name="verifyAddUser" time="0.0">
    <ignored/>
  </testcase> <!-- verifyAddUser -->
  <testcase classname="testscript.AdminTest" name="verifysearchuser" time="0.0">
    <ignored/>
  </testcase> <!-- verifysearchuser -->
</testsuite> <!-- Default test -->
